[0.010s] Invoking command in '/home/ronyfaz/sim2fruit_ws/build/sim2fruit_description': CMAKE_PREFIX_PATH=${CMAKE_PREFIX_PATH}:/opt/ros/humble /usr/bin/cmake /home/ronyfaz/sim2fruit_ws/src/sim2fruit_description -DAMENT_CMAKE_SYMLINK_INSTALL=1 -DCMAKE_INSTALL_PREFIX=/home/ronyfaz/sim2fruit_ws/install/sim2fruit_description
[0.104s] -- The C compiler identification is GNU 11.4.0
[0.172s] -- The CXX compiler identification is GNU 11.4.0
[0.180s] -- Detecting C compiler ABI info
[0.234s] -- Detecting C compiler ABI info - done
[0.240s] -- Check for working C compiler: /usr/bin/cc - skipped
[0.240s] -- Detecting C compile features
[0.241s] -- Detecting C compile features - done
[0.243s] -- Detecting CXX compiler ABI info
[0.307s] -- Detecting CXX compiler ABI info - done
[0.314s] -- Check for working CXX compiler: /usr/bin/c++ - skipped
[0.314s] -- Detecting CXX compile features
[0.315s] -- Detecting CXX compile features - done
[0.318s] -- Found ament_cmake: 1.3.11 (/opt/ros/humble/share/ament_cmake/cmake)
[0.426s] -- Found Python3: /usr/bin/python3 (found version "3.10.12") found components: Interpreter 
[0.467s] -- Override CMake install command with custom implementation using symlinks instead of copying resources
[0.493s] -- Found ament_lint_auto: 0.12.11 (/opt/ros/humble/share/ament_lint_auto/cmake)
[0.549s] -- Added test 'flake8' to check Python code syntax and style conventions
[0.550s] -- Added test 'lint_cmake' to check CMake code style
[0.550s] -- Added test 'pep257' to check Python code against some of the docstring style conventions in PEP 257
[0.551s] -- Added test 'xmllint' to check XML markup files
[0.552s] -- Configuring done
[0.553s] -- Generating done
[0.554s] -- Build files have been written to: /home/ronyfaz/sim2fruit_ws/build/sim2fruit_description
[0.557s] Invoked command in '/home/ronyfaz/sim2fruit_ws/build/sim2fruit_description' returned '0': CMAKE_PREFIX_PATH=${CMAKE_PREFIX_PATH}:/opt/ros/humble /usr/bin/cmake /home/ronyfaz/sim2fruit_ws/src/sim2fruit_description -DAMENT_CMAKE_SYMLINK_INSTALL=1 -DCMAKE_INSTALL_PREFIX=/home/ronyfaz/sim2fruit_ws/install/sim2fruit_description
[0.558s] Invoking command in '/home/ronyfaz/sim2fruit_ws/build/sim2fruit_description': CMAKE_PREFIX_PATH=${CMAKE_PREFIX_PATH}:/opt/ros/humble /usr/bin/cmake --build /home/ronyfaz/sim2fruit_ws/build/sim2fruit_description -- -j20 -l20
[0.590s] Invoked command in '/home/ronyfaz/sim2fruit_ws/build/sim2fruit_description' returned '0': CMAKE_PREFIX_PATH=${CMAKE_PREFIX_PATH}:/opt/ros/humble /usr/bin/cmake --build /home/ronyfaz/sim2fruit_ws/build/sim2fruit_description -- -j20 -l20
[0.598s] Invoking command in '/home/ronyfaz/sim2fruit_ws/build/sim2fruit_description': CMAKE_PREFIX_PATH=${CMAKE_PREFIX_PATH}:/opt/ros/humble /usr/bin/cmake --install /home/ronyfaz/sim2fruit_ws/build/sim2fruit_description
[0.605s] -- Install configuration: ""
[0.605s] -- Execute custom install script
[0.606s] -- Symlinking: /home/ronyfaz/sim2fruit_ws/install/sim2fruit_description/share/sim2fruit_description/launch/mycobot_gazebo_minimal.launch.py
[0.612s] -- Symlinking: /home/ronyfaz/sim2fruit_ws/install/sim2fruit_description/share/sim2fruit_description/urdf/control/gazebo_sim_ros2_control.urdf.xacro
[0.618s] -- Symlinking: /home/ronyfaz/sim2fruit_ws/install/sim2fruit_description/share/sim2fruit_description/urdf/control/mycobot_280_ros2_control.urdf.xacro
[0.626s] -- Symlinking: /home/ronyfaz/sim2fruit_ws/install/sim2fruit_description/share/sim2fruit_description/urdf/mech/adaptive_gripper.urdf.xacro
[0.633s] -- Symlinking: /home/ronyfaz/sim2fruit_ws/install/sim2fruit_description/share/sim2fruit_description/urdf/mech/g_shape_base_v2_0.urdf.xacro
[0.638s] -- Symlinking: /home/ronyfaz/sim2fruit_ws/install/sim2fruit_description/share/sim2fruit_description/urdf/mech/mycobot_280_arm.urdf.xacro
[0.645s] -- Symlinking: /home/ronyfaz/sim2fruit_ws/install/sim2fruit_description/share/sim2fruit_description/urdf/robots/mycobot_280.urdf.xacro
[0.650s] -- Symlinking: /home/ronyfaz/sim2fruit_ws/install/sim2fruit_description/share/sim2fruit_description/urdf/sensors/intel_rgbd_cam_d435.urdf.xacro
[0.658s] -- Symlinking: /home/ronyfaz/sim2fruit_ws/install/sim2fruit_description/share/sim2fruit_description/models/plant1/meshes/plant1.dae
[0.666s] -- Symlinking: /home/ronyfaz/sim2fruit_ws/install/sim2fruit_description/share/sim2fruit_description/models/plant1/model.config
[0.676s] -- Symlinking: /home/ronyfaz/sim2fruit_ws/install/sim2fruit_description/share/sim2fruit_description/models/plant1/plant1.sdf
[0.686s] -- Symlinking: /home/ronyfaz/sim2fruit_ws/install/sim2fruit_description/share/ament_index/resource_index/package_run_dependencies/sim2fruit_description
[0.695s] -- Symlinking: /home/ronyfaz/sim2fruit_ws/install/sim2fruit_description/share/ament_index/resource_index/parent_prefix_path/sim2fruit_description
[0.704s] -- Symlinking: /home/ronyfaz/sim2fruit_ws/install/sim2fruit_description/share/sim2fruit_description/environment/ament_prefix_path.sh
[0.713s] -- Symlinking: /home/ronyfaz/sim2fruit_ws/install/sim2fruit_description/share/sim2fruit_description/environment/ament_prefix_path.dsv
[0.724s] -- Symlinking: /home/ronyfaz/sim2fruit_ws/install/sim2fruit_description/share/sim2fruit_description/environment/path.sh
[0.734s] -- Symlinking: /home/ronyfaz/sim2fruit_ws/install/sim2fruit_description/share/sim2fruit_description/environment/path.dsv
[0.744s] -- Symlinking: /home/ronyfaz/sim2fruit_ws/install/sim2fruit_description/share/sim2fruit_description/local_setup.bash
[0.754s] -- Symlinking: /home/ronyfaz/sim2fruit_ws/install/sim2fruit_description/share/sim2fruit_description/local_setup.sh
[0.764s] -- Symlinking: /home/ronyfaz/sim2fruit_ws/install/sim2fruit_description/share/sim2fruit_description/local_setup.zsh
[0.774s] -- Symlinking: /home/ronyfaz/sim2fruit_ws/install/sim2fruit_description/share/sim2fruit_description/local_setup.dsv
[0.783s] -- Symlinking: /home/ronyfaz/sim2fruit_ws/install/sim2fruit_description/share/sim2fruit_description/package.dsv
[0.793s] -- Symlinking: /home/ronyfaz/sim2fruit_ws/install/sim2fruit_description/share/ament_index/resource_index/packages/sim2fruit_description
[0.803s] -- Symlinking: /home/ronyfaz/sim2fruit_ws/install/sim2fruit_description/share/sim2fruit_description/cmake/sim2fruit_descriptionConfig.cmake
[0.812s] -- Symlinking: /home/ronyfaz/sim2fruit_ws/install/sim2fruit_description/share/sim2fruit_description/cmake/sim2fruit_descriptionConfig-version.cmake
[0.822s] -- Symlinking: /home/ronyfaz/sim2fruit_ws/install/sim2fruit_description/share/sim2fruit_description/package.xml
[0.834s] Invoked command in '/home/ronyfaz/sim2fruit_ws/build/sim2fruit_description' returned '0': CMAKE_PREFIX_PATH=${CMAKE_PREFIX_PATH}:/opt/ros/humble /usr/bin/cmake --install /home/ronyfaz/sim2fruit_ws/build/sim2fruit_description
