[0.353s] Invoking command in '/home/ronyfaz/sim2fruit_ws/build/sim2fruit_perception': PYTHONPATH=/home/ronyfaz/sim2fruit_ws/build/sim2fruit_perception/prefix_override:/usr/lib/python3/dist-packages/colcon_core/task/python/colcon_distutils_commands:/home/ronyfaz/sim2fruit_ws/install/sim2fruit_perception/lib/python3.10/site-packages:${PYTHONPATH} /usr/bin/python3 -W ignore:setup.py install is deprecated -W ignore:easy_install command is deprecated setup.py develop --editable --build-directory /home/ronyfaz/sim2fruit_ws/build/sim2fruit_perception/build --no-deps symlink_data
[0.508s] running develop
[0.599s] running egg_info
[0.599s] creating sim2fruit_perception.egg-info
[0.599s] writing sim2fruit_perception.egg-info/PKG-INFO
[0.600s] writing dependency_links to sim2fruit_perception.egg-info/dependency_links.txt
[0.600s] writing entry points to sim2fruit_perception.egg-info/entry_points.txt
[0.600s] writing requirements to sim2fruit_perception.egg-info/requires.txt
[0.600s] writing top-level names to sim2fruit_perception.egg-info/top_level.txt
[0.600s] writing manifest file 'sim2fruit_perception.egg-info/SOURCES.txt'
[0.601s] reading manifest file 'sim2fruit_perception.egg-info/SOURCES.txt'
[0.601s] writing manifest file 'sim2fruit_perception.egg-info/SOURCES.txt'
[0.602s] running build_ext
[0.602s] Creating /home/ronyfaz/sim2fruit_ws/install/sim2fruit_perception/lib/python3.10/site-packages/sim2fruit-perception.egg-link (link to .)
[0.603s] Installing dummy_policy_node script to /home/ronyfaz/sim2fruit_ws/install/sim2fruit_perception/lib/sim2fruit_perception
[0.603s] Installing pointnet_node script to /home/ronyfaz/sim2fruit_ws/install/sim2fruit_perception/lib/sim2fruit_perception
[0.603s] 
[0.603s] Installed /home/ronyfaz/sim2fruit_ws/build/sim2fruit_perception
[0.603s] running symlink_data
[0.603s] creating /home/ronyfaz/sim2fruit_ws/install/sim2fruit_perception/share/ament_index
[0.603s] creating /home/ronyfaz/sim2fruit_ws/install/sim2fruit_perception/share/ament_index/resource_index
[0.603s] creating /home/ronyfaz/sim2fruit_ws/install/sim2fruit_perception/share/ament_index/resource_index/packages
[0.603s] symbolically linking /home/ronyfaz/sim2fruit_ws/build/sim2fruit_perception/resource/sim2fruit_perception -> /home/ronyfaz/sim2fruit_ws/install/sim2fruit_perception/share/ament_index/resource_index/packages
[0.604s] symbolically linking /home/ronyfaz/sim2fruit_ws/build/sim2fruit_perception/package.xml -> /home/ronyfaz/sim2fruit_ws/install/sim2fruit_perception/share/sim2fruit_perception
[0.619s] Invoked command in '/home/ronyfaz/sim2fruit_ws/build/sim2fruit_perception' returned '0': PYTHONPATH=/home/ronyfaz/sim2fruit_ws/build/sim2fruit_perception/prefix_override:/usr/lib/python3/dist-packages/colcon_core/task/python/colcon_distutils_commands:/home/ronyfaz/sim2fruit_ws/install/sim2fruit_perception/lib/python3.10/site-packages:${PYTHONPATH} /usr/bin/python3 -W ignore:setup.py install is deprecated -W ignore:easy_install command is deprecated setup.py develop --editable --build-directory /home/ronyfaz/sim2fruit_ws/build/sim2fruit_perception/build --no-deps symlink_data
